Base path: C:/Program Files/Unity/Editor/Data
Pipe name: \\.\pipe\UnityShaderCompiler-64bit-1-4852
Cmd: getPlatforms
Cmd: preprocess
  insize=1399 outsize=1853 ok=1
Cmd: compileSnippet
  api=4 type=0 insize=8052 outsize=4857 kw=DIRECTIONAL SHADOWS_OFF LIGHTMAP_OFF DIRLIGHTMAP_OFF DYNAMICLIGHTMAP_OFF ok=1
Cmd: compileSnippet
  api=4 type=1 insize=8052 outsize=3817 kw=DIRECTIONAL SHADOWS_OFF LIGHTMAP_OFF DIRLIGHTMAP_OFF DYNAMICLIGHTMAP_OFF ok=1
Cmd: compileSnippet
  api=4 type=0 insize=5274 outsize=3939 kw=POINT ok=1
Cmd: compileSnippet
  api=4 type=1 insize=5274 outsize=3565 kw=POINT ok=1
Cmd: compileSnippet
  api=4 type=0 insize=4393 outsize=3898 kw= ok=1
Cmd: compileSnippet
  api=4 type=1 insize=4393 outsize=1550 kw= ok=1
Cmd: compileSnippet
  api=4 type=0 insize=7218 outsize=5109 kw=LIGHTMAP_OFF DIRLIGHTMAP_OFF DYNAMICLIGHTMAP_OFF HDR_LIGHT_PREPASS_OFF ok=1
Cmd: compileSnippet
  api=4 type=1 insize=7218 outsize=2533 kw=LIGHTMAP_OFF DIRLIGHTMAP_OFF DYNAMICLIGHTMAP_OFF HDR_LIGHT_PREPASS_OFF ok=1
Cmd: compileSnippet
  api=4 type=0 insize=7743 outsize=5345 kw=LIGHTMAP_OFF DIRLIGHTMAP_OFF DYNAMICLIGHTMAP_OFF HDR_LIGHT_PREPASS_OFF ok=1
Cmd: compileSnippet
  api=4 type=1 insize=7743 outsize=2915 kw=LIGHTMAP_OFF DIRLIGHTMAP_OFF DYNAMICLIGHTMAP_OFF HDR_LIGHT_PREPASS_OFF ok=1
Cmd: compileSnippet
  api=4 type=0 insize=4734 outsize=4670 kw= ok=1
Cmd: compileSnippet
  api=4 type=1 insize=4734 outsize=3825 kw= ok=1
Cmd: compileSnippet
  api=4 type=0 insize=5274 outsize=3939 kw=DIRECTIONAL ok=1
Cmd: compileSnippet
  api=4 type=1 insize=5274 outsize=2826 kw=DIRECTIONAL ok=1
